Starting Klippy...
Args: ['/home/sashi/klipper/klippy/klippy.py', '/home/sashi/TronXY_data/config/printer.cfg', '-I', '/home/sashi/TronXY_data/comms/klippy.serial', '-l', '/home/sashi/TronXY_data/logs/klippy.log', '-a', '/home/sashi/TronXY_data/comms/klippy.sock']
Git version: 'v0.11.0-40-gaac613bf'
CPU: 2 core AMD GX-212JC SOC with Radeon(TM) R2E Graphics
Python: '3.9.2 (default, Feb 28 2021, 17:03:44) \n[GCC 10.2.1 20210110]'
Building C code module c_helper.so
Start printer at Wed Dec 21 15:37:52 2022 (1671665872.9 626.5)
===== Config file =====
[mcu]
serial = /dev/serial/by-id/<your-mcu-id>

[printer]
kinematics = none
max_velocity = 1000
max_accel = 1000
=======================
mcu 'mcu': Starting serial connect
mcu 'mcu': Unable to open serial port: [Errno 2] could not open port /dev/serial/by-id/<your-mcu-id>: [Errno 2] No such file or directory: '/dev/serial/by-id/<your-mcu-id>'
mcu 'mcu': Unable to open serial port: [Errno 2] could not open port /dev/serial/by-id/<your-mcu-id>: [Errno 2] No such file or directory: '/dev/serial/by-id/<your-mcu-id>'
mcu 'mcu': Unable to open serial port: [Errno 2] could not open port /dev/serial/by-id/<your-mcu-id>: [Errno 2] No such file or directory: '/dev/serial/by-id/<your-mcu-id>'
mcu 'mcu': Unable to open serial port: [Errno 2] could not open port /dev/serial/by-id/<your-mcu-id>: [Errno 2] No such file or directory: '/dev/serial/by-id/<your-mcu-id>'
mcu 'mcu': Unable to open serial port: [Errno 2] could not open port /dev/serial/by-id/<your-mcu-id>: [Errno 2] No such file or directory: '/dev/serial/by-id/<your-mcu-id>'
mcu 'mcu': Unable to open serial port: [Errno 2] could not open port /dev/serial/by-id/<your-mcu-id>: [Errno 2] No such file or directory: '/dev/serial/by-id/<your-mcu-id>'
mcu 'mcu': Unable to open serial port: [Errno 2] could not open port /dev/serial/by-id/<your-mcu-id>: [Errno 2] No such file or directory: '/dev/serial/by-id/<your-mcu-id>'
mcu 'mcu': Unable to open serial port: [Errno 2] could not open port /dev/serial/by-id/<your-mcu-id>: [Errno 2] No such file or directory: '/dev/serial/by-id/<your-mcu-id>'
mcu 'mcu': Unable to open serial port: [Errno 2] could not open port /dev/serial/by-id/<your-mcu-id>: [Errno 2] No such file or directory: '/dev/serial/by-id/<your-mcu-id>'
mcu 'mcu': Unable to open serial port: [Errno 2] could not open port /dev/serial/by-id/<your-mcu-id>: [Errno 2] No such file or directory: '/dev/serial/by-id/<your-mcu-id>'
mcu 'mcu': Unable to open serial port: [Errno 2] could not open port /dev/serial/by-id/<your-mcu-id>: [Errno 2] No such file or directory: '/dev/serial/by-id/<your-mcu-id>'
mcu 'mcu': Unable to open serial port: [Errno 2] could not open port /dev/serial/by-id/<your-mcu-id>: [Errno 2] No such file or directory: '/dev/serial/by-id/<your-mcu-id>'
mcu 'mcu': Unable to open serial port: [Errno 2] could not open port /dev/serial/by-id/<your-mcu-id>: [Errno 2] No such file or directory: '/dev/serial/by-id/<your-mcu-id>'
mcu 'mcu': Unable to open serial port: [Errno 2] could not open port /dev/serial/by-id/<your-mcu-id>: [Errno 2] No such file or directory: '/dev/serial/by-id/<your-mcu-id>'
mcu 'mcu': Unable to open serial port: [Errno 2] could not open port /dev/serial/by-id/<your-mcu-id>: [Errno 2] No such file or directory: '/dev/serial/by-id/<your-mcu-id>'
mcu 'mcu': Unable to open serial port: [Errno 2] could not open port /dev/serial/by-id/<your-mcu-id>: [Errno 2] No such file or directory: '/dev/serial/by-id/<your-mcu-id>'
mcu 'mcu': Unable to open serial port: [Errno 2] could not open port /dev/serial/by-id/<your-mcu-id>: [Errno 2] No such file or directory: '/dev/serial/by-id/<your-mcu-id>'
mcu 'mcu': Unable to open serial port: [Errno 2] could not open port /dev/serial/by-id/<your-mcu-id>: [Errno 2] No such file or directory: '/dev/serial/by-id/<your-mcu-id>'
MCU error during connect
Traceback (most recent call last):
  File "/home/sashi/klipper/klippy/mcu.py", line 777, in _mcu_identify
    self._serial.connect_uart(self._serialport, self._baud, rts)
  File "/home/sashi/klipper/klippy/serialhdl.py", line 182, in connect_uart
    self._error("Unable to connect")
  File "/home/sashi/klipper/klippy/serialhdl.py", line 61, in _error
    raise error(self.warn_prefix + (msg % params))
serialhdl.error: mcu 'mcu': Unable to connect

During handling of the above exception, another exception occurred:

Traceback (most recent call last):
  File "/home/sashi/klipper/klippy/klippy.py", line 176, in _connect
    self.send_event("klippy:mcu_identify")
  File "/home/sashi/klipper/klippy/klippy.py", line 263, in send_event
    return [cb(*params) for cb in self.event_handlers.get(event, [])]
  File "/home/sashi/klipper/klippy/klippy.py", line 263, in <listcomp>
    return [cb(*params) for cb in self.event_handlers.get(event, [])]
  File "/home/sashi/klipper/klippy/mcu.py", line 782, in _mcu_identify
    raise error(str(e))
mcu.error: mcu 'mcu': Unable to connect
No build file /home/sashi/klipper/klippy/../.config
No build file /home/sashi/klipper/klippy/../out/klipper.dict
No build file /home/sashi/klipper/klippy/../out/klipper.elf
webhooks client 140693465529072: New connection
webhooks client 140693465529072: Client info {'program': 'Moonraker', 'version': 'v0.7.1-780-gdde9bcc'}
webhooks client 140693465529072: Disconnected
webhooks client 140693471907072: New connection
webhooks client 140693471907072: Client info {'program': 'Moonraker', 'version': 'v0.7.1-780-gdde9bcc'}
Starting Klippy...
Args: ['/home/sashi/klipper/klippy/klippy.py', '/home/sashi/TronXY_data/config/printer.cfg', '-I', '/home/sashi/TronXY_data/comms/klippy.serial', '-l', '/home/sashi/TronXY_data/logs/klippy.log', '-a', '/home/sashi/TronXY_data/comms/klippy.sock']
Git version: 'v0.11.0-40-gaac613bf'
CPU: 2 core AMD GX-212JC SOC with Radeon(TM) R2E Graphics
Python: '3.9.2 (default, Feb 28 2021, 17:03:44) \n[GCC 10.2.1 20210110]'
Start printer at Wed Dec 21 18:14:51 2022 (1671675291.5 142.0)
===== Config file =====
[mcu]
serial = /dev/serial/by-id/<your-mcu-id>

[printer]
kinematics = none
max_velocity = 1000
max_accel = 1000
=======================
mcu 'mcu': Starting serial connect
mcu 'mcu': Unable to open serial port: [Errno 2] could not open port /dev/serial/by-id/<your-mcu-id>: [Errno 2] No such file or directory: '/dev/serial/by-id/<your-mcu-id>'
webhooks client 139712603223568: New connection
webhooks client 139712603223568: Client info {'program': 'Moonraker', 'version': 'v0.7.1-780-gdde9bcc'}
mcu 'mcu': Unable to open serial port: [Errno 2] could not open port /dev/serial/by-id/<your-mcu-id>: [Errno 2] No such file or directory: '/dev/serial/by-id/<your-mcu-id>'
mcu 'mcu': Unable to open serial port: [Errno 2] could not open port /dev/serial/by-id/<your-mcu-id>: [Errno 2] No such file or directory: '/dev/serial/by-id/<your-mcu-id>'
mcu 'mcu': Unable to open serial port: [Errno 2] could not open port /dev/serial/by-id/<your-mcu-id>: [Errno 2] No such file or directory: '/dev/serial/by-id/<your-mcu-id>'
mcu 'mcu': Unable to open serial port: [Errno 2] could not open port /dev/serial/by-id/<your-mcu-id>: [Errno 2] No such file or directory: '/dev/serial/by-id/<your-mcu-id>'
mcu 'mcu': Unable to open serial port: [Errno 2] could not open port /dev/serial/by-id/<your-mcu-id>: [Errno 2] No such file or directory: '/dev/serial/by-id/<your-mcu-id>'
mcu 'mcu': Unable to open serial port: [Errno 2] could not open port /dev/serial/by-id/<your-mcu-id>: [Errno 2] No such file or directory: '/dev/serial/by-id/<your-mcu-id>'
mcu 'mcu': Unable to open serial port: [Errno 2] could not open port /dev/serial/by-id/<your-mcu-id>: [Errno 2] No such file or directory: '/dev/serial/by-id/<your-mcu-id>'
mcu 'mcu': Unable to open serial port: [Errno 2] could not open port /dev/serial/by-id/<your-mcu-id>: [Errno 2] No such file or directory: '/dev/serial/by-id/<your-mcu-id>'
mcu 'mcu': Unable to open serial port: [Errno 2] could not open port /dev/serial/by-id/<your-mcu-id>: [Errno 2] No such file or directory: '/dev/serial/by-id/<your-mcu-id>'
mcu 'mcu': Unable to open serial port: [Errno 2] could not open port /dev/serial/by-id/<your-mcu-id>: [Errno 2] No such file or directory: '/dev/serial/by-id/<your-mcu-id>'
mcu 'mcu': Unable to open serial port: [Errno 2] could not open port /dev/serial/by-id/<your-mcu-id>: [Errno 2] No such file or directory: '/dev/serial/by-id/<your-mcu-id>'
mcu 'mcu': Unable to open serial port: [Errno 2] could not open port /dev/serial/by-id/<your-mcu-id>: [Errno 2] No such file or directory: '/dev/serial/by-id/<your-mcu-id>'
mcu 'mcu': Unable to open serial port: [Errno 2] could not open port /dev/serial/by-id/<your-mcu-id>: [Errno 2] No such file or directory: '/dev/serial/by-id/<your-mcu-id>'
mcu 'mcu': Unable to open serial port: [Errno 2] could not open port /dev/serial/by-id/<your-mcu-id>: [Errno 2] No such file or directory: '/dev/serial/by-id/<your-mcu-id>'
mcu 'mcu': Unable to open serial port: [Errno 2] could not open port /dev/serial/by-id/<your-mcu-id>: [Errno 2] No such file or directory: '/dev/serial/by-id/<your-mcu-id>'
mcu 'mcu': Unable to open serial port: [Errno 2] could not open port /dev/serial/by-id/<your-mcu-id>: [Errno 2] No such file or directory: '/dev/serial/by-id/<your-mcu-id>'
mcu 'mcu': Unable to open serial port: [Errno 2] could not open port /dev/serial/by-id/<your-mcu-id>: [Errno 2] No such file or directory: '/dev/serial/by-id/<your-mcu-id>'
MCU error during connect
Traceback (most recent call last):
  File "/home/sashi/klipper/klippy/mcu.py", line 777, in _mcu_identify
    self._serial.connect_uart(self._serialport, self._baud, rts)
  File "/home/sashi/klipper/klippy/serialhdl.py", line 182, in connect_uart
    self._error("Unable to connect")
  File "/home/sashi/klipper/klippy/serialhdl.py", line 61, in _error
    raise error(self.warn_prefix + (msg % params))
serialhdl.error: mcu 'mcu': Unable to connect

During handling of the above exception, another exception occurred:

Traceback (most recent call last):
  File "/home/sashi/klipper/klippy/klippy.py", line 176, in _connect
    self.send_event("klippy:mcu_identify")
  File "/home/sashi/klipper/klippy/klippy.py", line 263, in send_event
    return [cb(*params) for cb in self.event_handlers.get(event, [])]
  File "/home/sashi/klipper/klippy/klippy.py", line 263, in <listcomp>
    return [cb(*params) for cb in self.event_handlers.get(event, [])]
  File "/home/sashi/klipper/klippy/mcu.py", line 782, in _mcu_identify
    raise error(str(e))
mcu.error: mcu 'mcu': Unable to connect
No build file /home/sashi/klipper/klippy/../.config
No build file /home/sashi/klipper/klippy/../out/klipper.dict
No build file /home/sashi/klipper/klippy/../out/klipper.elf
Starting Klippy...
Args: ['/home/sashi/klipper/klippy/klippy.py', '/home/sashi/TronXY_data/config/printer.cfg', '-I', '/home/sashi/TronXY_data/comms/klippy.serial', '-l', '/home/sashi/TronXY_data/logs/klippy.log', '-a', '/home/sashi/TronXY_data/comms/klippy.sock']
Git version: 'v0.11.0-40-gaac613bf'
CPU: 2 core AMD GX-212JC SOC with Radeon(TM) R2E Graphics
Python: '3.9.2 (default, Feb 28 2021, 17:03:44) \n[GCC 10.2.1 20210110]'
Start printer at Wed Dec 21 18:18:42 2022 (1671675522.1 66.7)
===== Config file =====
[mcu]
serial = /dev/serial/by-id/<your-mcu-id>

[printer]
kinematics = none
max_velocity = 1000
max_accel = 1000
=======================
mcu 'mcu': Starting serial connect
mcu 'mcu': Unable to open serial port: [Errno 2] could not open port /dev/serial/by-id/<your-mcu-id>: [Errno 2] No such file or directory: '/dev/serial/by-id/<your-mcu-id>'
webhooks client 139689837733392: New connection
webhooks client 139689837733392: Client info {'program': 'Moonraker', 'version': 'v0.7.1-780-gdde9bcc'}
mcu 'mcu': Unable to open serial port: [Errno 2] could not open port /dev/serial/by-id/<your-mcu-id>: [Errno 2] No such file or directory: '/dev/serial/by-id/<your-mcu-id>'
mcu 'mcu': Unable to open serial port: [Errno 2] could not open port /dev/serial/by-id/<your-mcu-id>: [Errno 2] No such file or directory: '/dev/serial/by-id/<your-mcu-id>'
mcu 'mcu': Unable to open serial port: [Errno 2] could not open port /dev/serial/by-id/<your-mcu-id>: [Errno 2] No such file or directory: '/dev/serial/by-id/<your-mcu-id>'
mcu 'mcu': Unable to open serial port: [Errno 2] could not open port /dev/serial/by-id/<your-mcu-id>: [Errno 2] No such file or directory: '/dev/serial/by-id/<your-mcu-id>'
mcu 'mcu': Unable to open serial port: [Errno 2] could not open port /dev/serial/by-id/<your-mcu-id>: [Errno 2] No such file or directory: '/dev/serial/by-id/<your-mcu-id>'
mcu 'mcu': Unable to open serial port: [Errno 2] could not open port /dev/serial/by-id/<your-mcu-id>: [Errno 2] No such file or directory: '/dev/serial/by-id/<your-mcu-id>'
mcu 'mcu': Unable to open serial port: [Errno 2] could not open port /dev/serial/by-id/<your-mcu-id>: [Errno 2] No such file or directory: '/dev/serial/by-id/<your-mcu-id>'
mcu 'mcu': Unable to open serial port: [Errno 2] could not open port /dev/serial/by-id/<your-mcu-id>: [Errno 2] No such file or directory: '/dev/serial/by-id/<your-mcu-id>'
mcu 'mcu': Unable to open serial port: [Errno 2] could not open port /dev/serial/by-id/<your-mcu-id>: [Errno 2] No such file or directory: '/dev/serial/by-id/<your-mcu-id>'
mcu 'mcu': Unable to open serial port: [Errno 2] could not open port /dev/serial/by-id/<your-mcu-id>: [Errno 2] No such file or directory: '/dev/serial/by-id/<your-mcu-id>'
mcu 'mcu': Unable to open serial port: [Errno 2] could not open port /dev/serial/by-id/<your-mcu-id>: [Errno 2] No such file or directory: '/dev/serial/by-id/<your-mcu-id>'
mcu 'mcu': Unable to open serial port: [Errno 2] could not open port /dev/serial/by-id/<your-mcu-id>: [Errno 2] No such file or directory: '/dev/serial/by-id/<your-mcu-id>'
mcu 'mcu': Unable to open serial port: [Errno 2] could not open port /dev/serial/by-id/<your-mcu-id>: [Errno 2] No such file or directory: '/dev/serial/by-id/<your-mcu-id>'
mcu 'mcu': Unable to open serial port: [Errno 2] could not open port /dev/serial/by-id/<your-mcu-id>: [Errno 2] No such file or directory: '/dev/serial/by-id/<your-mcu-id>'
mcu 'mcu': Unable to open serial port: [Errno 2] could not open port /dev/serial/by-id/<your-mcu-id>: [Errno 2] No such file or directory: '/dev/serial/by-id/<your-mcu-id>'
mcu 'mcu': Unable to open serial port: [Errno 2] could not open port /dev/serial/by-id/<your-mcu-id>: [Errno 2] No such file or directory: '/dev/serial/by-id/<your-mcu-id>'
mcu 'mcu': Unable to open serial port: [Errno 2] could not open port /dev/serial/by-id/<your-mcu-id>: [Errno 2] No such file or directory: '/dev/serial/by-id/<your-mcu-id>'
MCU error during connect
Traceback (most recent call last):
  File "/home/sashi/klipper/klippy/mcu.py", line 777, in _mcu_identify
    self._serial.connect_uart(self._serialport, self._baud, rts)
  File "/home/sashi/klipper/klippy/serialhdl.py", line 182, in connect_uart
    self._error("Unable to connect")
  File "/home/sashi/klipper/klippy/serialhdl.py", line 61, in _error
    raise error(self.warn_prefix + (msg % params))
serialhdl.error: mcu 'mcu': Unable to connect

During handling of the above exception, another exception occurred:

Traceback (most recent call last):
  File "/home/sashi/klipper/klippy/klippy.py", line 176, in _connect
    self.send_event("klippy:mcu_identify")
  File "/home/sashi/klipper/klippy/klippy.py", line 263, in send_event
    return [cb(*params) for cb in self.event_handlers.get(event, [])]
  File "/home/sashi/klipper/klippy/klippy.py", line 263, in <listcomp>
    return [cb(*params) for cb in self.event_handlers.get(event, [])]
  File "/home/sashi/klipper/klippy/mcu.py", line 782, in _mcu_identify
    raise error(str(e))
mcu.error: mcu 'mcu': Unable to connect
No build file /home/sashi/klipper/klippy/../.config
No build file /home/sashi/klipper/klippy/../out/klipper.dict
No build file /home/sashi/klipper/klippy/../out/klipper.elf
Starting Klippy...
Args: ['/home/sashi/klipper/klippy/klippy.py', '/home/sashi/TronXY_data/config/printer.cfg', '-I', '/home/sashi/TronXY_data/comms/klippy.serial', '-l', '/home/sashi/TronXY_data/logs/klippy.log', '-a', '/home/sashi/TronXY_data/comms/klippy.sock']
Git version: 'v0.11.0-40-gaac613bf'
CPU: 2 core AMD GX-212JC SOC with Radeon(TM) R2E Graphics
Python: '3.9.2 (default, Feb 28 2021, 17:03:44) \n[GCC 10.2.1 20210110]'
Start printer at Wed Dec 21 18:28:15 2022 (1671676095.5 33.1)
===== Config file =====
[mcu]
serial = /dev/serial/by-id/<your-mcu-id>

[printer]
kinematics = none
max_velocity = 1000
max_accel = 1000
=======================
mcu 'mcu': Starting serial connect
mcu 'mcu': Unable to open serial port: [Errno 2] could not open port /dev/serial/by-id/<your-mcu-id>: [Errno 2] No such file or directory: '/dev/serial/by-id/<your-mcu-id>'
webhooks client 139950776436240: New connection
webhooks client 139950776436240: Client info {'program': 'Moonraker', 'version': 'v0.7.1-780-gdde9bcc'}
mcu 'mcu': Unable to open serial port: [Errno 2] could not open port /dev/serial/by-id/<your-mcu-id>: [Errno 2] No such file or directory: '/dev/serial/by-id/<your-mcu-id>'
mcu 'mcu': Unable to open serial port: [Errno 2] could not open port /dev/serial/by-id/<your-mcu-id>: [Errno 2] No such file or directory: '/dev/serial/by-id/<your-mcu-id>'
mcu 'mcu': Unable to open serial port: [Errno 2] could not open port /dev/serial/by-id/<your-mcu-id>: [Errno 2] No such file or directory: '/dev/serial/by-id/<your-mcu-id>'
mcu 'mcu': Unable to open serial port: [Errno 2] could not open port /dev/serial/by-id/<your-mcu-id>: [Errno 2] No such file or directory: '/dev/serial/by-id/<your-mcu-id>'
mcu 'mcu': Unable to open serial port: [Errno 2] could not open port /dev/serial/by-id/<your-mcu-id>: [Errno 2] No such file or directory: '/dev/serial/by-id/<your-mcu-id>'
mcu 'mcu': Unable to open serial port: [Errno 2] could not open port /dev/serial/by-id/<your-mcu-id>: [Errno 2] No such file or directory: '/dev/serial/by-id/<your-mcu-id>'
mcu 'mcu': Unable to open serial port: [Errno 2] could not open port /dev/serial/by-id/<your-mcu-id>: [Errno 2] No such file or directory: '/dev/serial/by-id/<your-mcu-id>'
mcu 'mcu': Unable to open serial port: [Errno 2] could not open port /dev/serial/by-id/<your-mcu-id>: [Errno 2] No such file or directory: '/dev/serial/by-id/<your-mcu-id>'
mcu 'mcu': Unable to open serial port: [Errno 2] could not open port /dev/serial/by-id/<your-mcu-id>: [Errno 2] No such file or directory: '/dev/serial/by-id/<your-mcu-id>'
mcu 'mcu': Unable to open serial port: [Errno 2] could not open port /dev/serial/by-id/<your-mcu-id>: [Errno 2] No such file or directory: '/dev/serial/by-id/<your-mcu-id>'
mcu 'mcu': Unable to open serial port: [Errno 2] could not open port /dev/serial/by-id/<your-mcu-id>: [Errno 2] No such file or directory: '/dev/serial/by-id/<your-mcu-id>'
mcu 'mcu': Unable to open serial port: [Errno 2] could not open port /dev/serial/by-id/<your-mcu-id>: [Errno 2] No such file or directory: '/dev/serial/by-id/<your-mcu-id>'
mcu 'mcu': Unable to open serial port: [Errno 2] could not open port /dev/serial/by-id/<your-mcu-id>: [Errno 2] No such file or directory: '/dev/serial/by-id/<your-mcu-id>'
mcu 'mcu': Unable to open serial port: [Errno 2] could not open port /dev/serial/by-id/<your-mcu-id>: [Errno 2] No such file or directory: '/dev/serial/by-id/<your-mcu-id>'
mcu 'mcu': Unable to open serial port: [Errno 2] could not open port /dev/serial/by-id/<your-mcu-id>: [Errno 2] No such file or directory: '/dev/serial/by-id/<your-mcu-id>'
mcu 'mcu': Unable to open serial port: [Errno 2] could not open port /dev/serial/by-id/<your-mcu-id>: [Errno 2] No such file or directory: '/dev/serial/by-id/<your-mcu-id>'
mcu 'mcu': Unable to open serial port: [Errno 2] could not open port /dev/serial/by-id/<your-mcu-id>: [Errno 2] No such file or directory: '/dev/serial/by-id/<your-mcu-id>'
MCU error during connect
Traceback (most recent call last):
  File "/home/sashi/klipper/klippy/mcu.py", line 777, in _mcu_identify
    self._serial.connect_uart(self._serialport, self._baud, rts)
  File "/home/sashi/klipper/klippy/serialhdl.py", line 182, in connect_uart
    self._error("Unable to connect")
  File "/home/sashi/klipper/klippy/serialhdl.py", line 61, in _error
    raise error(self.warn_prefix + (msg % params))
serialhdl.error: mcu 'mcu': Unable to connect

During handling of the above exception, another exception occurred:

Traceback (most recent call last):
  File "/home/sashi/klipper/klippy/klippy.py", line 176, in _connect
    self.send_event("klippy:mcu_identify")
  File "/home/sashi/klipper/klippy/klippy.py", line 263, in send_event
    return [cb(*params) for cb in self.event_handlers.get(event, [])]
  File "/home/sashi/klipper/klippy/klippy.py", line 263, in <listcomp>
    return [cb(*params) for cb in self.event_handlers.get(event, [])]
  File "/home/sashi/klipper/klippy/mcu.py", line 782, in _mcu_identify
    raise error(str(e))
mcu.error: mcu 'mcu': Unable to connect
No build file /home/sashi/klipper/klippy/../.config
No build file /home/sashi/klipper/klippy/../out/klipper.dict
No build file /home/sashi/klipper/klippy/../out/klipper.elf
