--------------------Moonraker Log Start--------------------
data_path: /home/sashi/CR10_data
is_default_data_path: False
config_file: /home/sashi/CR10_data/config/moonraker.conf
startup_warnings: []
verbose: False
debug: False
asyncio_debug: False
is_backup_config: False
log_file: /home/sashi/CR10_data/logs/moonraker.log
software_version: v0.7.1-780-gdde9bcc
python_version: 3.9.2 (default, Feb 28 2021, 17:03:44)  [GCC 10.2.1 20210110]

#################### Moonraker Configuration ####################

[server]
host = 0.0.0.0
port = 7125
klippy_uds_address = /home/sashi/CR10_data/comms/klippy.sock

[authorization]
trusted_clients = 
	10.0.0.0/8
	127.0.0.0/8
	169.254.0.0/16
	172.16.0.0/12
	192.168.0.0/16
	FE80::/10
	::1/128
cors_domains = 
	http://*.lan
	http://*.local
	https://my.mainsail.xyz
	http://my.mainsail.xyz
	https://app.fluidd.xyz
	http://app.fluidd.xyz

[octoprint_compat]

[history]

[update_manager]
channel = dev
refresh_interval = 168

[update_manager fluidd]
type = web
channel = stable
repo = fluidd-core/fluidd
path = ~/fluidd

#################################################################
All Configuration Files:
/home/sashi/CR10_data/config/moonraker.conf
#################################################################
2022-12-26 11:00:15,955 [utils.py:setup_logging()] - data_path: /home/sashi/CR10_data
2022-12-26 11:00:15,955 [utils.py:setup_logging()] - is_default_data_path: False
2022-12-26 11:00:15,955 [utils.py:setup_logging()] - config_file: /home/sashi/CR10_data/config/moonraker.conf
2022-12-26 11:00:15,955 [utils.py:setup_logging()] - startup_warnings: []
2022-12-26 11:00:15,955 [utils.py:setup_logging()] - verbose: False
2022-12-26 11:00:15,956 [utils.py:setup_logging()] - debug: False
2022-12-26 11:00:15,956 [utils.py:setup_logging()] - asyncio_debug: False
2022-12-26 11:00:15,956 [utils.py:setup_logging()] - is_backup_config: False
2022-12-26 11:00:15,956 [utils.py:setup_logging()] - log_file: /home/sashi/CR10_data/logs/moonraker.log
2022-12-26 11:00:15,956 [utils.py:setup_logging()] - software_version: v0.7.1-780-gdde9bcc
2022-12-26 11:00:15,956 [utils.py:setup_logging()] - python_version: 3.9.2 (default, Feb 28 2021, 17:03:44)  [GCC 10.2.1 20210110]
2022-12-26 11:00:15,975 [confighelper.py:read_file()] - Configuration File '/home/sashi/CR10_data/config/moonraker.conf' parsed, total size: 574 B
2022-12-26 11:00:15,975 [moonraker.py:add_log_rollover_item()] - 
#################### Moonraker Configuration ####################

[server]
host = 0.0.0.0
port = 7125
klippy_uds_address = /home/sashi/CR10_data/comms/klippy.sock

[authorization]
trusted_clients = 
	10.0.0.0/8
	127.0.0.0/8
	169.254.0.0/16
	172.16.0.0/12
	192.168.0.0/16
	FE80::/10
	::1/128
cors_domains = 
	http://*.lan
	http://*.local
	https://my.mainsail.xyz
	http://my.mainsail.xyz
	https://app.fluidd.xyz
	http://app.fluidd.xyz

[octoprint_compat]

[history]

[update_manager]
channel = dev
refresh_interval = 168

[update_manager fluidd]
type = web
channel = stable
repo = fluidd-core/fluidd
path = ~/fluidd

#################################################################
All Configuration Files:
/home/sashi/CR10_data/config/moonraker.conf
#################################################################
2022-12-26 11:00:16,060 [app.py:register_local_handler()] - Registering HTTP Endpoint: (GET) /server/info
2022-12-26 11:00:16,061 [websockets.py:register_api_handler()] - Registering Websocket JSON-RPC methods: server.info
2022-12-26 11:00:16,061 [app.py:register_local_handler()] - Registering HTTP Endpoint: (GET) /server/config
2022-12-26 11:00:16,062 [websockets.py:register_api_handler()] - Registering Websocket JSON-RPC methods: server.config
2022-12-26 11:00:16,062 [app.py:register_local_handler()] - Registering HTTP Endpoint: (POST) /server/restart
2022-12-26 11:00:16,062 [websockets.py:register_api_handler()] - Registering Websocket JSON-RPC methods: server.restart
2022-12-26 11:00:16,221 [moonraker.py:load_component()] - Component (dbus_manager) loaded
2022-12-26 11:00:16,273 [moonraker.py:add_log_rollover_item()] - Unsafe Shutdown Count: 2
2022-12-26 11:00:16,368 [app.py:register_local_handler()] - Registering HTTP Endpoint: (GET) /server/database/list
2022-12-26 11:00:16,368 [websockets.py:register_api_handler()] - Registering Websocket JSON-RPC methods: server.database.list
2022-12-26 11:00:16,369 [app.py:register_local_handler()] - Registering HTTP Endpoint: (GET POST DELETE) /server/database/item
2022-12-26 11:00:16,369 [websockets.py:register_api_handler()] - Registering Websocket JSON-RPC methods: server.database.get_item, server.database.post_item, server.database.delete_item
2022-12-26 11:00:16,369 [moonraker.py:load_component()] - Component (database) loaded
2022-12-26 11:00:16,483 [app.py:register_local_handler()] - Registering HTTP Endpoint: (GET) /server/files/list
2022-12-26 11:00:16,488 [websockets.py:register_api_handler()] - Registering Websocket JSON-RPC methods: server.files.list
2022-12-26 11:00:16,488 [app.py:register_local_handler()] - Registering HTTP Endpoint: (GET) /server/files/metadata
2022-12-26 11:00:16,497 [websockets.py:register_api_handler()] - Registering Websocket JSON-RPC methods: server.files.metadata
2022-12-26 11:00:16,498 [app.py:register_local_handler()] - Registering HTTP Endpoint: (GET) /server/files/roots
2022-12-26 11:00:16,498 [websockets.py:register_api_handler()] - Registering Websocket JSON-RPC methods: server.files.roots
2022-12-26 11:00:16,498 [app.py:register_local_handler()] - Registering HTTP Endpoint: (GET POST DELETE) /server/files/directory
2022-12-26 11:00:16,499 [websockets.py:register_api_handler()] - Registering Websocket JSON-RPC methods: server.files.get_directory, server.files.post_directory, server.files.delete_directory
2022-12-26 11:00:16,499 [app.py:register_local_handler()] - Registering HTTP Endpoint: (POST) /server/files/move
2022-12-26 11:00:16,500 [websockets.py:register_api_handler()] - Registering Websocket JSON-RPC methods: server.files.move
2022-12-26 11:00:16,500 [app.py:register_local_handler()] - Registering HTTP Endpoint: (POST) /server/files/copy
2022-12-26 11:00:16,500 [websockets.py:register_api_handler()] - Registering Websocket JSON-RPC methods: server.files.copy
2022-12-26 11:00:16,501 [websockets.py:register_api_handler()] - Registering Websocket JSON-RPC methods: server.files.delete_file
2022-12-26 11:00:16,513 [moonraker.py:load_component()] - Component (file_manager) loaded
2022-12-26 11:00:16,517 [app.py:register_local_handler()] - Registering HTTP Endpoint: (POST) /printer/print/pause
2022-12-26 11:00:16,519 [websockets.py:register_api_handler()] - Registering Websocket JSON-RPC methods: printer.print.pause
2022-12-26 11:00:16,519 [app.py:register_local_handler()] - Registering HTTP Endpoint: (POST) /printer/print/resume
2022-12-26 11:00:16,520 [websockets.py:register_api_handler()] - Registering Websocket JSON-RPC methods: printer.print.resume
2022-12-26 11:00:16,520 [app.py:register_local_handler()] - Registering HTTP Endpoint: (POST) /printer/print/cancel
2022-12-26 11:00:16,520 [websockets.py:register_api_handler()] - Registering Websocket JSON-RPC methods: printer.print.cancel
2022-12-26 11:00:16,521 [app.py:register_local_handler()] - Registering HTTP Endpoint: (POST) /printer/print/start
2022-12-26 11:00:16,521 [websockets.py:register_api_handler()] - Registering Websocket JSON-RPC methods: printer.print.start
2022-12-26 11:00:16,521 [app.py:register_local_handler()] - Registering HTTP Endpoint: (POST) /printer/restart
2022-12-26 11:00:16,522 [websockets.py:register_api_handler()] - Registering Websocket JSON-RPC methods: printer.restart
2022-12-26 11:00:16,522 [app.py:register_local_handler()] - Registering HTTP Endpoint: (POST) /printer/firmware_restart
2022-12-26 11:00:16,525 [websockets.py:register_api_handler()] - Registering Websocket JSON-RPC methods: printer.firmware_restart
2022-12-26 11:00:16,525 [moonraker.py:load_component()] - Component (klippy_apis) loaded
2022-12-26 11:00:16,834 [moonraker.py:load_component()] - Component (secrets) loaded
2022-12-26 11:00:16,854 [moonraker.py:load_component()] - Component (template) loaded
2022-12-26 11:00:16,938 [moonraker.py:add_log_rollover_item()] - 
System Info:

***python***
  version: sys.version_info(major=3, minor=9, micro=2, releaselevel='final', serial=0)
  version_string: 3.9.2 (default, Feb 28 2021, 17:03:44)  [GCC 10.2.1 20210110]

***cpu_info***
  cpu_count: 2
  bits: 64bit
  processor: x86_64
  cpu_desc: AMD GX-212JC SOC with Radeon(TM) R2E Graphics
  serial_number: 
  hardware_desc: 
  model: 
  total_memory: 3439328
  memory_units: kB

***sd_info***

***distribution***
  name: Debian GNU/Linux 11 (bullseye)
  id: debian
  version: 11
  version_parts: {'major': '11', 'minor': '', 'build_number': ''}
  like: 
  codename: bullseye
  release_info: {}

***virtualization***
  virt_type: none
  virt_identifier: none

***network***

***canbus***
2022-12-26 11:00:16,945 [moonraker.py:load_component()] - Component (shell_command) loaded
2022-12-26 11:00:16,947 [machine.py:__init__()] - Using System Provider: systemd_dbus
2022-12-26 11:00:16,948 [app.py:register_local_handler()] - Registering HTTP Endpoint: (POST) /machine/reboot
2022-12-26 11:00:16,950 [websockets.py:register_api_handler()] - Registering Websocket JSON-RPC methods: machine.reboot
2022-12-26 11:00:16,950 [app.py:register_local_handler()] - Registering HTTP Endpoint: (POST) /machine/shutdown
2022-12-26 11:00:16,954 [websockets.py:register_api_handler()] - Registering Websocket JSON-RPC methods: machine.shutdown
2022-12-26 11:00:16,954 [app.py:register_local_handler()] - Registering HTTP Endpoint: (POST) /machine/services/restart
2022-12-26 11:00:16,955 [websockets.py:register_api_handler()] - Registering Websocket JSON-RPC methods: machine.services.restart
2022-12-26 11:00:16,955 [app.py:register_local_handler()] - Registering HTTP Endpoint: (POST) /machine/services/stop
2022-12-26 11:00:16,956 [websockets.py:register_api_handler()] - Registering Websocket JSON-RPC methods: machine.services.stop
2022-12-26 11:00:16,957 [app.py:register_local_handler()] - Registering HTTP Endpoint: (POST) /machine/services/start
2022-12-26 11:00:16,960 [websockets.py:register_api_handler()] - Registering Websocket JSON-RPC methods: machine.services.start
2022-12-26 11:00:16,960 [app.py:register_local_handler()] - Registering HTTP Endpoint: (GET) /machine/system_info
2022-12-26 11:00:16,961 [websockets.py:register_api_handler()] - Registering Websocket JSON-RPC methods: machine.system_info
2022-12-26 11:00:16,961 [app.py:register_local_handler()] - Registering HTTP Endpoint: (GET) /machine/sudo/info
2022-12-26 11:00:16,962 [websockets.py:register_api_handler()] - Registering Websocket JSON-RPC methods: machine.sudo.info
2022-12-26 11:00:16,962 [app.py:register_local_handler()] - Registering HTTP Endpoint: (POST) /machine/sudo/password
2022-12-26 11:00:16,962 [websockets.py:register_api_handler()] - Registering Websocket JSON-RPC methods: machine.sudo.password
2022-12-26 11:00:16,969 [moonraker.py:load_component()] - Component (machine) loaded
2022-12-26 11:00:16,972 [app.py:register_local_handler()] - Registering HTTP Endpoint: (GET) /server/temperature_store
2022-12-26 11:00:16,973 [websockets.py:register_api_handler()] - Registering Websocket JSON-RPC methods: server.temperature_store
2022-12-26 11:00:16,973 [app.py:register_local_handler()] - Registering HTTP Endpoint: (GET) /server/gcode_store
2022-12-26 11:00:16,974 [websockets.py:register_api_handler()] - Registering Websocket JSON-RPC methods: server.gcode_store
2022-12-26 11:00:16,974 [moonraker.py:load_component()] - Component (data_store) loaded
2022-12-26 11:00:16,978 [proc_stats.py:__init__()] - Unable to find 'vcgencmd', throttle checking disabled
2022-12-26 11:00:16,979 [app.py:register_local_handler()] - Registering HTTP Endpoint: (GET) /machine/proc_stats
2022-12-26 11:00:16,979 [websockets.py:register_api_handler()] - Registering Websocket JSON-RPC methods: machine.proc_stats
2022-12-26 11:00:16,980 [moonraker.py:load_component()] - Component (proc_stats) loaded
2022-12-26 11:00:16,983 [moonraker.py:load_component()] - Component (job_state) loaded
2022-12-26 11:00:16,986 [app.py:register_local_handler()] - Registering HTTP Endpoint: (POST DELETE) /server/job_queue/job
2022-12-26 11:00:16,986 [websockets.py:register_api_handler()] - Registering Websocket JSON-RPC methods: server.job_queue.post_job, server.job_queue.delete_job
2022-12-26 11:00:16,987 [app.py:register_local_handler()] - Registering HTTP Endpoint: (POST) /server/job_queue/pause
2022-12-26 11:00:16,987 [websockets.py:register_api_handler()] - Registering Websocket JSON-RPC methods: server.job_queue.pause
2022-12-26 11:00:16,988 [app.py:register_local_handler()] - Registering HTTP Endpoint: (POST) /server/job_queue/start
2022-12-26 11:00:16,988 [websockets.py:register_api_handler()] - Registering Websocket JSON-RPC methods: server.job_queue.start
2022-12-26 11:00:16,988 [app.py:register_local_handler()] - Registering HTTP Endpoint: (GET) /server/job_queue/status
2022-12-26 11:00:16,989 [websockets.py:register_api_handler()] - Registering Websocket JSON-RPC methods: server.job_queue.status
2022-12-26 11:00:16,989 [moonraker.py:load_component()] - Component (job_queue) loaded
2022-12-26 11:00:17,010 [moonraker.py:load_component()] - Component (http_client) loaded
2022-12-26 11:00:17,017 [app.py:register_local_handler()] - Registering HTTP Endpoint: (GET) /server/announcements/list
2022-12-26 11:00:17,018 [websockets.py:register_api_handler()] - Registering Websocket JSON-RPC methods: server.announcements.list
2022-12-26 11:00:17,018 [app.py:register_local_handler()] - Registering HTTP Endpoint: (POST) /server/announcements/dismiss
2022-12-26 11:00:17,019 [websockets.py:register_api_handler()] - Registering Websocket JSON-RPC methods: server.announcements.dismiss
2022-12-26 11:00:17,019 [app.py:register_local_handler()] - Registering HTTP Endpoint: (POST) /server/announcements/update
2022-12-26 11:00:17,019 [websockets.py:register_api_handler()] - Registering Websocket JSON-RPC methods: server.announcements.update
2022-12-26 11:00:17,020 [app.py:register_local_handler()] - Registering HTTP Endpoint: (POST DELETE) /server/announcements/feed
2022-12-26 11:00:17,020 [websockets.py:register_api_handler()] - Registering Websocket JSON-RPC methods: server.announcements.post_feed, server.announcements.delete_feed
2022-12-26 11:00:17,020 [app.py:register_local_handler()] - Registering HTTP Endpoint: (GET) /server/announcements/feeds
2022-12-26 11:00:17,021 [websockets.py:register_api_handler()] - Registering Websocket JSON-RPC methods: server.announcements.feeds
2022-12-26 11:00:17,021 [moonraker.py:load_component()] - Component (announcements) loaded
2022-12-26 11:00:17,037 [app.py:register_local_handler()] - Registering HTTP Endpoint: (GET) /server/webcams/list
2022-12-26 11:00:17,037 [websockets.py:register_api_handler()] - Registering Websocket JSON-RPC methods: server.webcams.list
2022-12-26 11:00:17,038 [app.py:register_local_handler()] - Registering HTTP Endpoint: (GET POST DELETE) /server/webcams/item
2022-12-26 11:00:17,038 [websockets.py:register_api_handler()] - Registering Websocket JSON-RPC methods: server.webcams.get_item, server.webcams.post_item, server.webcams.delete_item
2022-12-26 11:00:17,038 [app.py:register_local_handler()] - Registering HTTP Endpoint: (POST) /server/webcams/test
2022-12-26 11:00:17,039 [websockets.py:register_api_handler()] - Registering Websocket JSON-RPC methods: server.webcams.test
2022-12-26 11:00:17,039 [moonraker.py:load_component()] - Component (webcam) loaded
2022-12-26 11:00:17,044 [websockets.py:register_api_handler()] - Registering Websocket JSON-RPC methods: connection.send_event
2022-12-26 11:00:17,044 [app.py:register_local_handler()] - Registering HTTP Endpoint: (GET) /server/extensions/list
2022-12-26 11:00:17,045 [websockets.py:register_api_handler()] - Registering Websocket JSON-RPC methods: server.extensions.list
2022-12-26 11:00:17,045 [app.py:register_local_handler()] - Registering HTTP Endpoint: (POST) /server/extensions/request
2022-12-26 11:00:17,049 [websockets.py:register_api_handler()] - Registering Websocket JSON-RPC methods: server.extensions.request
2022-12-26 11:00:17,049 [moonraker.py:load_component()] - Component (extensions) loaded
2022-12-26 11:00:17,089 [authorization.py:__init__()] - Authorization Configuration Loaded
Trusted Clients:
10.0.0.0/8
127.0.0.0/8
169.254.0.0/16
172.16.0.0/12
192.168.0.0/16
fe80::/10
::1/128
CORS Domains:
http://.*\.lan
http://.*\.local
https://my\.mainsail\.xyz
http://my\.mainsail\.xyz
https://app\.fluidd\.xyz
http://app\.fluidd\.xyz
2022-12-26 11:00:17,093 [app.py:register_local_handler()] - Registering HTTP Endpoint: (POST) /access/login
2022-12-26 11:00:17,093 [app.py:register_local_handler()] - Registering HTTP Endpoint: (POST) /access/logout
2022-12-26 11:00:17,094 [app.py:register_local_handler()] - Registering HTTP Endpoint: (POST) /access/refresh_jwt
2022-12-26 11:00:17,094 [app.py:register_local_handler()] - Registering HTTP Endpoint: (GET POST DELETE) /access/user
2022-12-26 11:00:17,104 [app.py:register_local_handler()] - Registering HTTP Endpoint: (GET) /access/users/list
2022-12-26 11:00:17,104 [app.py:register_local_handler()] - Registering HTTP Endpoint: (POST) /access/user/password
2022-12-26 11:00:17,105 [app.py:register_local_handler()] - Registering HTTP Endpoint: (GET POST) /access/api_key
2022-12-26 11:00:17,105 [app.py:register_local_handler()] - Registering HTTP Endpoint: (GET) /access/oneshot_token
2022-12-26 11:00:17,106 [app.py:register_local_handler()] - Registering HTTP Endpoint: (GET) /access/info
2022-12-26 11:00:17,106 [moonraker.py:load_component()] - Component (authorization) loaded
2022-12-26 11:00:17,117 [app.py:register_local_handler()] - Registering HTTP Endpoint: (GET) /api/version
2022-12-26 11:00:17,119 [app.py:register_local_handler()] - Registering HTTP Endpoint: (GET) /api/server
2022-12-26 11:00:17,120 [app.py:register_local_handler()] - Registering HTTP Endpoint: (POST) /api/login
2022-12-26 11:00:17,120 [app.py:register_local_handler()] - Registering HTTP Endpoint: (GET) /api/currentuser
2022-12-26 11:00:17,121 [app.py:register_local_handler()] - Registering HTTP Endpoint: (GET) /api/settings
2022-12-26 11:00:17,126 [app.py:register_local_handler()] - Registering HTTP Endpoint: (GET) /api/job
2022-12-26 11:00:17,127 [app.py:register_local_handler()] - Registering HTTP Endpoint: (GET) /api/printer
2022-12-26 11:00:17,127 [app.py:register_local_handler()] - Registering HTTP Endpoint: (POST) /api/printer/command
2022-12-26 11:00:17,128 [app.py:register_local_handler()] - Registering HTTP Endpoint: (GET) /api/printerprofiles
2022-12-26 11:00:17,136 [app.py:register_local_handler()] - Registering HTTP Endpoint: (POST) /api/files/moonraker/(?P<relative_path>.+)
2022-12-26 11:00:17,137 [moonraker.py:load_component()] - Component (octoprint_compat) loaded
2022-12-26 11:00:17,145 [app.py:register_local_handler()] - Registering HTTP Endpoint: (GET DELETE) /server/history/job
2022-12-26 11:00:17,146 [websockets.py:register_api_handler()] - Registering Websocket JSON-RPC methods: server.history.get_job, server.history.delete_job
2022-12-26 11:00:17,146 [app.py:register_local_handler()] - Registering HTTP Endpoint: (GET) /server/history/list
2022-12-26 11:00:17,147 [websockets.py:register_api_handler()] - Registering Websocket JSON-RPC methods: server.history.list
2022-12-26 11:00:17,147 [app.py:register_local_handler()] - Registering HTTP Endpoint: (GET) /server/history/totals
2022-12-26 11:00:17,147 [websockets.py:register_api_handler()] - Registering Websocket JSON-RPC methods: server.history.totals
2022-12-26 11:00:17,148 [app.py:register_local_handler()] - Registering HTTP Endpoint: (POST) /server/history/reset_totals
2022-12-26 11:00:17,148 [websockets.py:register_api_handler()] - Registering Websocket JSON-RPC methods: server.history.reset_totals
2022-12-26 11:00:17,155 [moonraker.py:load_component()] - Component (history) loaded
2022-12-26 11:00:17,293 [app.py:register_local_handler()] - Registering HTTP Endpoint: (POST) /machine/update/moonraker
2022-12-26 11:00:17,294 [websockets.py:register_api_handler()] - Registering Websocket JSON-RPC methods: machine.update.moonraker
2022-12-26 11:00:17,294 [app.py:register_local_handler()] - Registering HTTP Endpoint: (POST) /machine/update/klipper
2022-12-26 11:00:17,295 [websockets.py:register_api_handler()] - Registering Websocket JSON-RPC methods: machine.update.klipper
2022-12-26 11:00:17,295 [app.py:register_local_handler()] - Registering HTTP Endpoint: (POST) /machine/update/system
2022-12-26 11:00:17,297 [websockets.py:register_api_handler()] - Registering Websocket JSON-RPC methods: machine.update.system
2022-12-26 11:00:17,297 [app.py:register_local_handler()] - Registering HTTP Endpoint: (POST) /machine/update/client
2022-12-26 11:00:17,298 [websockets.py:register_api_handler()] - Registering Websocket JSON-RPC methods: machine.update.client
2022-12-26 11:00:17,298 [app.py:register_local_handler()] - Registering HTTP Endpoint: (POST) /machine/update/full
2022-12-26 11:00:17,299 [websockets.py:register_api_handler()] - Registering Websocket JSON-RPC methods: machine.update.full
2022-12-26 11:00:17,299 [app.py:register_local_handler()] - Registering HTTP Endpoint: (GET) /machine/update/status
2022-12-26 11:00:17,299 [websockets.py:register_api_handler()] - Registering Websocket JSON-RPC methods: machine.update.status
2022-12-26 11:00:17,300 [app.py:register_local_handler()] - Registering HTTP Endpoint: (POST) /machine/update/recover
2022-12-26 11:00:17,300 [websockets.py:register_api_handler()] - Registering Websocket JSON-RPC methods: machine.update.recover
2022-12-26 11:00:17,300 [moonraker.py:load_component()] - Component (update_manager) loaded
2022-12-26 11:00:17,313 [moonraker.py:_initialize_component()] - Performing Component Post Init: [dbus_manager]
2022-12-26 11:00:17,384 [moonraker.py:_initialize_component()] - Performing Component Post Init: [file_manager]
2022-12-26 11:00:17,386 [moonraker.py:_initialize_component()] - Performing Component Post Init: [machine]
2022-12-26 11:00:17,388 [machine.py:validation_init()] - Installation version in database up to date
2022-12-26 11:00:17,862 [machine.py:check_virt_status()] - No Virtualization Detected
2022-12-26 11:00:17,884 [machine.py:_find_public_ip()] - Detected Local IP: 192.168.6.5
2022-12-26 11:00:17,888 [webcam.py:_set_default_host_ip()] - Default public webcam address set: http://192.168.6.5
2022-12-26 11:00:17,950 [machine.py:extract_service_info()] - Detected alternate unit name for moonraker: moonraker-CR10.service
2022-12-26 11:00:17,983 [moonraker.py:add_log_rollover_item()] - 
Systemd unit moonraker-CR10.service:
unit_name: moonraker-CR10.service
is_default: False
Properties:
**Requires=['sysinit.target', 'home-sashi.mount', 'system.slice', 'network-online.target', '-.mount']
**After=['sysinit.target', '-.mount', 'home-sashi.mount', 'system.slice', 'network-online.target', 'systemd-journald.socket', 'basic.target']
**SupplementaryGroups=['moonraker-admin']
**EnvironmentFiles=/home/sashi/CR10_data/systemd/moonraker.env
**ExecStart=/home/sashi/moonraker-env/bin/python $MOONRAKER_ARGS
**WorkingDirectory=/home/sashi/moonraker
**FragmentPath=/etc/systemd/system/moonraker-CR10.service
**Description=API Server for Klipper SV1 CR10
**User=sashi
2022-12-26 11:00:17,983 [moonraker.py:_initialize_component()] - Performing Component Post Init: [proc_stats]
2022-12-26 11:00:17,983 [moonraker.py:_initialize_component()] - Performing Component Post Init: [announcements]
2022-12-26 11:00:17,985 [moonraker.py:_initialize_component()] - Performing Component Post Init: [webcam]
2022-12-26 11:00:17,985 [webcam.py:_set_default_host_ip()] - Default public webcam address set: http://192.168.6.5
2022-12-26 11:00:17,986 [moonraker.py:_initialize_component()] - Performing Component Post Init: [authorization]
2022-12-26 11:00:17,986 [moonraker.py:_initialize_component()] - Performing Component Post Init: [update_manager]
2022-12-26 11:00:18,320 [update_manager.py:initialize()] - PackageDeploy: Using PackageKit Provider
2022-12-26 11:00:18,321 [update_manager.py:initialize()] - 
Initializing Client Updater: 'fluidd',
Channel: stable
path: /home/sashi/fluidd
2022-12-26 11:00:18,326 [extensions.py:start_unix_server()] - Creating Unix Domain Socket at '/home/sashi/CR10_data/comms/moonraker.sock'
2022-12-26 11:00:18,328 [moonraker.py:start_server()] - Starting Moonraker on (0.0.0.0, 7125), Hostname: klipper
2022-12-26 11:00:18,330 [app.py:listen()] - SSL Certificate/Key not configured, aborting HTTPS Server startup
2022-12-26 11:00:18,583 [klippy_connection.py:_do_connect()] - Klippy Connection Established
2022-12-26 11:00:18,670 [machine.py:extract_service_info()] - Detected alternate unit name for klipper: klipper-CR10.service
2022-12-26 11:00:18,690 [moonraker.py:add_log_rollover_item()] - 
Systemd unit klipper-CR10.service:
unit_name: klipper-CR10.service
is_default: False
Properties:
**Description=Klipper 3D Printer Firmware SV1
**ExecStart=/home/sashi/klippy-env/bin/python $KLIPPER_ARGS
**FragmentPath=/etc/systemd/system/klipper-CR10.service
2022-12-26 11:00:18,945 [klippy_connection.py:_init_klippy_connection()] - Webhooks Subscribed
2022-12-26 11:00:18,948 [klippy_connection.py:_init_klippy_connection()] - GCode Output Subscribed
2022-12-26 11:00:18,952 [moonraker.py:add_log_rollover_item()] - Klipper Version: v0.11.0-40-gaac613bf
--------------------Moonraker Log Start--------------------
data_path: /home/sashi/CR10_data
is_default_data_path: False
config_file: /home/sashi/CR10_data/config/moonraker.conf
startup_warnings: []
verbose: False
debug: False
asyncio_debug: False
is_backup_config: False
log_file: /home/sashi/CR10_data/logs/moonraker.log
software_version: v0.7.1-780-gdde9bcc
python_version: 3.9.2 (default, Feb 28 2021, 17:03:44)  [GCC 10.2.1 20210110]
2022-12-26 11:30:08,002 [utils.py:setup_logging()] - data_path: /home/sashi/CR10_data
2022-12-26 11:30:08,002 [utils.py:setup_logging()] - is_default_data_path: False
2022-12-26 11:30:08,002 [utils.py:setup_logging()] - config_file: /home/sashi/CR10_data/config/moonraker.conf
2022-12-26 11:30:08,002 [utils.py:setup_logging()] - startup_warnings: []
2022-12-26 11:30:08,002 [utils.py:setup_logging()] - verbose: False
2022-12-26 11:30:08,002 [utils.py:setup_logging()] - debug: False
2022-12-26 11:30:08,002 [utils.py:setup_logging()] - asyncio_debug: False
2022-12-26 11:30:08,003 [utils.py:setup_logging()] - is_backup_config: False
2022-12-26 11:30:08,003 [utils.py:setup_logging()] - log_file: /home/sashi/CR10_data/logs/moonraker.log
2022-12-26 11:30:08,003 [utils.py:setup_logging()] - software_version: v0.7.1-780-gdde9bcc
2022-12-26 11:30:08,003 [utils.py:setup_logging()] - python_version: 3.9.2 (default, Feb 28 2021, 17:03:44)  [GCC 10.2.1 20210110]
2022-12-26 11:30:08,077 [confighelper.py:read_file()] - Configuration File '/home/sashi/CR10_data/config/moonraker.conf' parsed, total size: 574 B
2022-12-26 11:30:08,078 [moonraker.py:add_log_rollover_item()] - 
#################### Moonraker Configuration ####################

[server]
host = 0.0.0.0
port = 7125
klippy_uds_address = /home/sashi/CR10_data/comms/klippy.sock

[authorization]
trusted_clients = 
	10.0.0.0/8
	127.0.0.0/8
	169.254.0.0/16
	172.16.0.0/12
	192.168.0.0/16
	FE80::/10
	::1/128
cors_domains = 
	http://*.lan
	http://*.local
	https://my.mainsail.xyz
	http://my.mainsail.xyz
	https://app.fluidd.xyz
	http://app.fluidd.xyz

[octoprint_compat]

[history]

[update_manager]
channel = dev
refresh_interval = 168

[update_manager fluidd]
type = web
channel = stable
repo = fluidd-core/fluidd
path = ~/fluidd

#################################################################
All Configuration Files:
/home/sashi/CR10_data/config/moonraker.conf
#################################################################
2022-12-26 11:30:08,223 [app.py:register_local_handler()] - Registering HTTP Endpoint: (GET) /server/info
2022-12-26 11:30:08,224 [websockets.py:register_api_handler()] - Registering Websocket JSON-RPC methods: server.info
2022-12-26 11:30:08,224 [app.py:register_local_handler()] - Registering HTTP Endpoint: (GET) /server/config
2022-12-26 11:30:08,225 [websockets.py:register_api_handler()] - Registering Websocket JSON-RPC methods: server.config
2022-12-26 11:30:08,226 [app.py:register_local_handler()] - Registering HTTP Endpoint: (POST) /server/restart
2022-12-26 11:30:08,227 [websockets.py:register_api_handler()] - Registering Websocket JSON-RPC methods: server.restart
2022-12-26 11:30:10,300 [moonraker.py:load_component()] - Component (dbus_manager) loaded
2022-12-26 11:30:10,725 [moonraker.py:add_log_rollover_item()] - Unsafe Shutdown Count: 3
2022-12-26 11:30:10,757 [app.py:register_local_handler()] - Registering HTTP Endpoint: (GET) /server/database/list
2022-12-26 11:30:10,757 [websockets.py:register_api_handler()] - Registering Websocket JSON-RPC methods: server.database.list
2022-12-26 11:30:10,758 [app.py:register_local_handler()] - Registering HTTP Endpoint: (GET POST DELETE) /server/database/item
2022-12-26 11:30:10,758 [websockets.py:register_api_handler()] - Registering Websocket JSON-RPC methods: server.database.get_item, server.database.post_item, server.database.delete_item
2022-12-26 11:30:10,758 [moonraker.py:load_component()] - Component (database) loaded
2022-12-26 11:30:11,269 [app.py:register_local_handler()] - Registering HTTP Endpoint: (GET) /server/files/list
2022-12-26 11:30:11,271 [websockets.py:register_api_handler()] - Registering Websocket JSON-RPC methods: server.files.list
2022-12-26 11:30:11,271 [app.py:register_local_handler()] - Registering HTTP Endpoint: (GET) /server/files/metadata
2022-12-26 11:30:11,272 [websockets.py:register_api_handler()] - Registering Websocket JSON-RPC methods: server.files.metadata
2022-12-26 11:30:11,272 [app.py:register_local_handler()] - Registering HTTP Endpoint: (GET) /server/files/roots
2022-12-26 11:30:11,272 [websockets.py:register_api_handler()] - Registering Websocket JSON-RPC methods: server.files.roots
2022-12-26 11:30:11,273 [app.py:register_local_handler()] - Registering HTTP Endpoint: (GET POST DELETE) /server/files/directory
2022-12-26 11:30:11,274 [websockets.py:register_api_handler()] - Registering Websocket JSON-RPC methods: server.files.get_directory, server.files.post_directory, server.files.delete_directory
2022-12-26 11:30:11,274 [app.py:register_local_handler()] - Registering HTTP Endpoint: (POST) /server/files/move
2022-12-26 11:30:11,275 [websockets.py:register_api_handler()] - Registering Websocket JSON-RPC methods: server.files.move
2022-12-26 11:30:11,281 [app.py:register_local_handler()] - Registering HTTP Endpoint: (POST) /server/files/copy
2022-12-26 11:30:11,282 [websockets.py:register_api_handler()] - Registering Websocket JSON-RPC methods: server.files.copy
2022-12-26 11:30:11,282 [websockets.py:register_api_handler()] - Registering Websocket JSON-RPC methods: server.files.delete_file
2022-12-26 11:30:11,304 [moonraker.py:load_component()] - Component (file_manager) loaded
2022-12-26 11:30:11,362 [app.py:register_local_handler()] - Registering HTTP Endpoint: (POST) /printer/print/pause
2022-12-26 11:30:11,363 [websockets.py:register_api_handler()] - Registering Websocket JSON-RPC methods: printer.print.pause
2022-12-26 11:30:11,363 [app.py:register_local_handler()] - Registering HTTP Endpoint: (POST) /printer/print/resume
2022-12-26 11:30:11,364 [websockets.py:register_api_handler()] - Registering Websocket JSON-RPC methods: printer.print.resume
2022-12-26 11:30:11,364 [app.py:register_local_handler()] - Registering HTTP Endpoint: (POST) /printer/print/cancel
2022-12-26 11:30:11,365 [websockets.py:register_api_handler()] - Registering Websocket JSON-RPC methods: printer.print.cancel
2022-12-26 11:30:11,365 [app.py:register_local_handler()] - Registering HTTP Endpoint: (POST) /printer/print/start
2022-12-26 11:30:11,365 [websockets.py:register_api_handler()] - Registering Websocket JSON-RPC methods: printer.print.start
2022-12-26 11:30:11,366 [app.py:register_local_handler()] - Registering HTTP Endpoint: (POST) /printer/restart
2022-12-26 11:30:11,367 [websockets.py:register_api_handler()] - Registering Websocket JSON-RPC methods: printer.restart
2022-12-26 11:30:11,367 [app.py:register_local_handler()] - Registering HTTP Endpoint: (POST) /printer/firmware_restart
2022-12-26 11:30:11,368 [websockets.py:register_api_handler()] - Registering Websocket JSON-RPC methods: printer.firmware_restart
2022-12-26 11:30:11,368 [moonraker.py:load_component()] - Component (klippy_apis) loaded
2022-12-26 11:30:12,003 [moonraker.py:load_component()] - Component (secrets) loaded
2022-12-26 11:30:12,107 [moonraker.py:load_component()] - Component (template) loaded
2022-12-26 11:30:12,164 [moonraker.py:add_log_rollover_item()] - 
System Info:

***python***
  version: sys.version_info(major=3, minor=9, micro=2, releaselevel='final', serial=0)
  version_string: 3.9.2 (default, Feb 28 2021, 17:03:44)  [GCC 10.2.1 20210110]

***cpu_info***
  cpu_count: 2
  bits: 64bit
  processor: x86_64
  cpu_desc: AMD GX-212JC SOC with Radeon(TM) R2E Graphics
  serial_number: 
  hardware_desc: 
  model: 
  total_memory: 3439328
  memory_units: kB

***sd_info***

***distribution***
  name: Debian GNU/Linux 11 (bullseye)
  id: debian
  version: 11
  version_parts: {'major': '11', 'minor': '', 'build_number': ''}
  like: 
  codename: bullseye
  release_info: {}

***virtualization***
  virt_type: none
  virt_identifier: none

***network***

***canbus***
2022-12-26 11:30:12,246 [moonraker.py:load_component()] - Component (shell_command) loaded
2022-12-26 11:30:12,246 [machine.py:__init__()] - Using System Provider: systemd_dbus
2022-12-26 11:30:12,247 [app.py:register_local_handler()] - Registering HTTP Endpoint: (POST) /machine/reboot
2022-12-26 11:30:12,248 [websockets.py:register_api_handler()] - Registering Websocket JSON-RPC methods: machine.reboot
2022-12-26 11:30:12,249 [app.py:register_local_handler()] - Registering HTTP Endpoint: (POST) /machine/shutdown
2022-12-26 11:30:12,249 [websockets.py:register_api_handler()] - Registering Websocket JSON-RPC methods: machine.shutdown
2022-12-26 11:30:12,254 [app.py:register_local_handler()] - Registering HTTP Endpoint: (POST) /machine/services/restart
2022-12-26 11:30:12,254 [websockets.py:register_api_handler()] - Registering Websocket JSON-RPC methods: machine.services.restart
2022-12-26 11:30:12,255 [app.py:register_local_handler()] - Registering HTTP Endpoint: (POST) /machine/services/stop
2022-12-26 11:30:12,255 [websockets.py:register_api_handler()] - Registering Websocket JSON-RPC methods: machine.services.stop
2022-12-26 11:30:12,255 [app.py:register_local_handler()] - Registering HTTP Endpoint: (POST) /machine/services/start
2022-12-26 11:30:12,256 [websockets.py:register_api_handler()] - Registering Websocket JSON-RPC methods: machine.services.start
2022-12-26 11:30:12,256 [app.py:register_local_handler()] - Registering HTTP Endpoint: (GET) /machine/system_info
2022-12-26 11:30:12,257 [websockets.py:register_api_handler()] - Registering Websocket JSON-RPC methods: machine.system_info
2022-12-26 11:30:12,257 [app.py:register_local_handler()] - Registering HTTP Endpoint: (GET) /machine/sudo/info
2022-12-26 11:30:12,258 [websockets.py:register_api_handler()] - Registering Websocket JSON-RPC methods: machine.sudo.info
2022-12-26 11:30:12,258 [app.py:register_local_handler()] - Registering HTTP Endpoint: (POST) /machine/sudo/password
2022-12-26 11:30:12,258 [websockets.py:register_api_handler()] - Registering Websocket JSON-RPC methods: machine.sudo.password
2022-12-26 11:30:12,262 [moonraker.py:load_component()] - Component (machine) loaded
2022-12-26 11:30:12,312 [app.py:register_local_handler()] - Registering HTTP Endpoint: (GET) /server/temperature_store
2022-12-26 11:30:12,313 [websockets.py:register_api_handler()] - Registering Websocket JSON-RPC methods: server.temperature_store
2022-12-26 11:30:12,313 [app.py:register_local_handler()] - Registering HTTP Endpoint: (GET) /server/gcode_store
2022-12-26 11:30:12,313 [websockets.py:register_api_handler()] - Registering Websocket JSON-RPC methods: server.gcode_store
2022-12-26 11:30:12,313 [moonraker.py:load_component()] - Component (data_store) loaded
2022-12-26 11:30:12,368 [proc_stats.py:__init__()] - Unable to find 'vcgencmd', throttle checking disabled
2022-12-26 11:30:12,368 [app.py:register_local_handler()] - Registering HTTP Endpoint: (GET) /machine/proc_stats
2022-12-26 11:30:12,369 [websockets.py:register_api_handler()] - Registering Websocket JSON-RPC methods: machine.proc_stats
2022-12-26 11:30:12,369 [moonraker.py:load_component()] - Component (proc_stats) loaded
2022-12-26 11:30:12,416 [moonraker.py:load_component()] - Component (job_state) loaded
2022-12-26 11:30:12,482 [app.py:register_local_handler()] - Registering HTTP Endpoint: (POST DELETE) /server/job_queue/job
2022-12-26 11:30:12,483 [websockets.py:register_api_handler()] - Registering Websocket JSON-RPC methods: server.job_queue.post_job, server.job_queue.delete_job
2022-12-26 11:30:12,484 [app.py:register_local_handler()] - Registering HTTP Endpoint: (POST) /server/job_queue/pause
2022-12-26 11:30:12,484 [websockets.py:register_api_handler()] - Registering Websocket JSON-RPC methods: server.job_queue.pause
2022-12-26 11:30:12,484 [app.py:register_local_handler()] - Registering HTTP Endpoint: (POST) /server/job_queue/start
2022-12-26 11:30:12,492 [websockets.py:register_api_handler()] - Registering Websocket JSON-RPC methods: server.job_queue.start
2022-12-26 11:30:12,492 [app.py:register_local_handler()] - Registering HTTP Endpoint: (GET) /server/job_queue/status
2022-12-26 11:30:12,493 [websockets.py:register_api_handler()] - Registering Websocket JSON-RPC methods: server.job_queue.status
2022-12-26 11:30:12,493 [moonraker.py:load_component()] - Component (job_queue) loaded
2022-12-26 11:30:12,722 [moonraker.py:load_component()] - Component (http_client) loaded
2022-12-26 11:30:12,794 [app.py:register_local_handler()] - Registering HTTP Endpoint: (GET) /server/announcements/list
2022-12-26 11:30:12,795 [websockets.py:register_api_handler()] - Registering Websocket JSON-RPC methods: server.announcements.list
2022-12-26 11:30:12,795 [app.py:register_local_handler()] - Registering HTTP Endpoint: (POST) /server/announcements/dismiss
2022-12-26 11:30:12,796 [websockets.py:register_api_handler()] - Registering Websocket JSON-RPC methods: server.announcements.dismiss
2022-12-26 11:30:12,796 [app.py:register_local_handler()] - Registering HTTP Endpoint: (POST) /server/announcements/update
2022-12-26 11:30:12,797 [websockets.py:register_api_handler()] - Registering Websocket JSON-RPC methods: server.announcements.update
2022-12-26 11:30:12,798 [app.py:register_local_handler()] - Registering HTTP Endpoint: (POST DELETE) /server/announcements/feed
2022-12-26 11:30:12,798 [websockets.py:register_api_handler()] - Registering Websocket JSON-RPC methods: server.announcements.post_feed, server.announcements.delete_feed
2022-12-26 11:30:12,798 [app.py:register_local_handler()] - Registering HTTP Endpoint: (GET) /server/announcements/feeds
2022-12-26 11:30:12,799 [websockets.py:register_api_handler()] - Registering Websocket JSON-RPC methods: server.announcements.feeds
2022-12-26 11:30:12,800 [moonraker.py:load_component()] - Component (announcements) loaded
2022-12-26 11:30:12,883 [app.py:register_local_handler()] - Registering HTTP Endpoint: (GET) /server/webcams/list
2022-12-26 11:30:12,883 [websockets.py:register_api_handler()] - Registering Websocket JSON-RPC methods: server.webcams.list
2022-12-26 11:30:12,884 [app.py:register_local_handler()] - Registering HTTP Endpoint: (GET POST DELETE) /server/webcams/item
2022-12-26 11:30:12,884 [websockets.py:register_api_handler()] - Registering Websocket JSON-RPC methods: server.webcams.get_item, server.webcams.post_item, server.webcams.delete_item
2022-12-26 11:30:12,884 [app.py:register_local_handler()] - Registering HTTP Endpoint: (POST) /server/webcams/test
2022-12-26 11:30:12,885 [websockets.py:register_api_handler()] - Registering Websocket JSON-RPC methods: server.webcams.test
2022-12-26 11:30:12,885 [moonraker.py:load_component()] - Component (webcam) loaded
2022-12-26 11:30:12,942 [websockets.py:register_api_handler()] - Registering Websocket JSON-RPC methods: connection.send_event
2022-12-26 11:30:12,942 [app.py:register_local_handler()] - Registering HTTP Endpoint: (GET) /server/extensions/list
2022-12-26 11:30:12,945 [websockets.py:register_api_handler()] - Registering Websocket JSON-RPC methods: server.extensions.list
2022-12-26 11:30:12,945 [app.py:register_local_handler()] - Registering HTTP Endpoint: (POST) /server/extensions/request
2022-12-26 11:30:12,945 [websockets.py:register_api_handler()] - Registering Websocket JSON-RPC methods: server.extensions.request
2022-12-26 11:30:12,945 [moonraker.py:load_component()] - Component (extensions) loaded
2022-12-26 11:30:13,333 [authorization.py:__init__()] - Authorization Configuration Loaded
Trusted Clients:
10.0.0.0/8
127.0.0.0/8
169.254.0.0/16
172.16.0.0/12
192.168.0.0/16
fe80::/10
::1/128
CORS Domains:
http://.*\.lan
http://.*\.local
https://my\.mainsail\.xyz
http://my\.mainsail\.xyz
https://app\.fluidd\.xyz
http://app\.fluidd\.xyz
2022-12-26 11:30:13,333 [app.py:register_local_handler()] - Registering HTTP Endpoint: (POST) /access/login
2022-12-26 11:30:13,334 [app.py:register_local_handler()] - Registering HTTP Endpoint: (POST) /access/logout
2022-12-26 11:30:13,334 [app.py:register_local_handler()] - Registering HTTP Endpoint: (POST) /access/refresh_jwt
2022-12-26 11:30:13,335 [app.py:register_local_handler()] - Registering HTTP Endpoint: (GET POST DELETE) /access/user
2022-12-26 11:30:13,336 [app.py:register_local_handler()] - Registering HTTP Endpoint: (GET) /access/users/list
2022-12-26 11:30:13,336 [app.py:register_local_handler()] - Registering HTTP Endpoint: (POST) /access/user/password
2022-12-26 11:30:13,337 [app.py:register_local_handler()] - Registering HTTP Endpoint: (GET POST) /access/api_key
2022-12-26 11:30:13,337 [app.py:register_local_handler()] - Registering HTTP Endpoint: (GET) /access/oneshot_token
2022-12-26 11:30:13,338 [app.py:register_local_handler()] - Registering HTTP Endpoint: (GET) /access/info
2022-12-26 11:30:13,342 [moonraker.py:load_component()] - Component (authorization) loaded
2022-12-26 11:30:13,398 [app.py:register_local_handler()] - Registering HTTP Endpoint: (GET) /api/version
2022-12-26 11:30:13,398 [app.py:register_local_handler()] - Registering HTTP Endpoint: (GET) /api/server
2022-12-26 11:30:13,399 [app.py:register_local_handler()] - Registering HTTP Endpoint: (POST) /api/login
2022-12-26 11:30:13,399 [app.py:register_local_handler()] - Registering HTTP Endpoint: (GET) /api/currentuser
2022-12-26 11:30:13,399 [app.py:register_local_handler()] - Registering HTTP Endpoint: (GET) /api/settings
2022-12-26 11:30:13,400 [app.py:register_local_handler()] - Registering HTTP Endpoint: (GET) /api/job
2022-12-26 11:30:13,400 [app.py:register_local_handler()] - Registering HTTP Endpoint: (GET) /api/printer
2022-12-26 11:30:13,401 [app.py:register_local_handler()] - Registering HTTP Endpoint: (POST) /api/printer/command
2022-12-26 11:30:13,402 [app.py:register_local_handler()] - Registering HTTP Endpoint: (GET) /api/printerprofiles
2022-12-26 11:30:13,403 [app.py:register_local_handler()] - Registering HTTP Endpoint: (POST) /api/files/moonraker/(?P<relative_path>.+)
2022-12-26 11:30:13,404 [moonraker.py:load_component()] - Component (octoprint_compat) loaded
2022-12-26 11:30:13,462 [app.py:register_local_handler()] - Registering HTTP Endpoint: (GET DELETE) /server/history/job
2022-12-26 11:30:13,463 [websockets.py:register_api_handler()] - Registering Websocket JSON-RPC methods: server.history.get_job, server.history.delete_job
2022-12-26 11:30:13,463 [app.py:register_local_handler()] - Registering HTTP Endpoint: (GET) /server/history/list
2022-12-26 11:30:13,464 [websockets.py:register_api_handler()] - Registering Websocket JSON-RPC methods: server.history.list
2022-12-26 11:30:13,464 [app.py:register_local_handler()] - Registering HTTP Endpoint: (GET) /server/history/totals
2022-12-26 11:30:13,464 [websockets.py:register_api_handler()] - Registering Websocket JSON-RPC methods: server.history.totals
2022-12-26 11:30:13,464 [app.py:register_local_handler()] - Registering HTTP Endpoint: (POST) /server/history/reset_totals
2022-12-26 11:30:13,465 [websockets.py:register_api_handler()] - Registering Websocket JSON-RPC methods: server.history.reset_totals
2022-12-26 11:30:13,465 [moonraker.py:load_component()] - Component (history) loaded
2022-12-26 11:30:14,833 [app.py:register_local_handler()] - Registering HTTP Endpoint: (POST) /machine/update/moonraker
2022-12-26 11:30:14,834 [websockets.py:register_api_handler()] - Registering Websocket JSON-RPC methods: machine.update.moonraker
2022-12-26 11:30:14,834 [app.py:register_local_handler()] - Registering HTTP Endpoint: (POST) /machine/update/klipper
2022-12-26 11:30:14,835 [websockets.py:register_api_handler()] - Registering Websocket JSON-RPC methods: machine.update.klipper
2022-12-26 11:30:14,835 [app.py:register_local_handler()] - Registering HTTP Endpoint: (POST) /machine/update/system
2022-12-26 11:30:14,836 [websockets.py:register_api_handler()] - Registering Websocket JSON-RPC methods: machine.update.system
2022-12-26 11:30:14,836 [app.py:register_local_handler()] - Registering HTTP Endpoint: (POST) /machine/update/client
2022-12-26 11:30:14,836 [websockets.py:register_api_handler()] - Registering Websocket JSON-RPC methods: machine.update.client
2022-12-26 11:30:14,837 [app.py:register_local_handler()] - Registering HTTP Endpoint: (POST) /machine/update/full
2022-12-26 11:30:14,840 [websockets.py:register_api_handler()] - Registering Websocket JSON-RPC methods: machine.update.full
2022-12-26 11:30:14,840 [app.py:register_local_handler()] - Registering HTTP Endpoint: (GET) /machine/update/status
2022-12-26 11:30:14,841 [websockets.py:register_api_handler()] - Registering Websocket JSON-RPC methods: machine.update.status
2022-12-26 11:30:14,841 [app.py:register_local_handler()] - Registering HTTP Endpoint: (POST) /machine/update/recover
2022-12-26 11:30:14,841 [websockets.py:register_api_handler()] - Registering Websocket JSON-RPC methods: machine.update.recover
2022-12-26 11:30:14,842 [moonraker.py:load_component()] - Component (update_manager) loaded
2022-12-26 11:30:14,895 [moonraker.py:_initialize_component()] - Performing Component Post Init: [dbus_manager]
2022-12-26 11:30:14,999 [moonraker.py:_initialize_component()] - Performing Component Post Init: [file_manager]
2022-12-26 11:30:15,027 [moonraker.py:_initialize_component()] - Performing Component Post Init: [machine]
2022-12-26 11:30:15,028 [machine.py:validation_init()] - Installation version in database up to date
2022-12-26 11:30:15,492 [machine.py:check_virt_status()] - No Virtualization Detected
2022-12-26 11:30:15,527 [machine.py:_find_public_ip()] - Detected Local IP: 192.168.6.5
2022-12-26 11:30:15,531 [webcam.py:_set_default_host_ip()] - Default public webcam address set: http://192.168.6.5
2022-12-26 11:30:15,601 [machine.py:extract_service_info()] - Detected alternate unit name for moonraker: moonraker-CR10.service
2022-12-26 11:30:15,651 [moonraker.py:add_log_rollover_item()] - 
Systemd unit moonraker-CR10.service:
unit_name: moonraker-CR10.service
is_default: False
Properties:
**Requires=['network-online.target', 'sysinit.target', 'system.slice', 'home-sashi.mount', '-.mount']
**After=['sysinit.target', 'network-online.target', 'system.slice', 'home-sashi.mount', 'systemd-journald.socket', '-.mount', 'basic.target']
**SupplementaryGroups=['moonraker-admin']
**EnvironmentFiles=/home/sashi/CR10_data/systemd/moonraker.env
**ExecStart=/home/sashi/moonraker-env/bin/python $MOONRAKER_ARGS
**WorkingDirectory=/home/sashi/moonraker
**FragmentPath=/etc/systemd/system/moonraker-CR10.service
**Description=API Server for Klipper SV1 CR10
**User=sashi
2022-12-26 11:30:15,652 [moonraker.py:_initialize_component()] - Performing Component Post Init: [proc_stats]
2022-12-26 11:30:15,652 [moonraker.py:_initialize_component()] - Performing Component Post Init: [announcements]
2022-12-26 11:30:15,655 [moonraker.py:_initialize_component()] - Performing Component Post Init: [webcam]
2022-12-26 11:30:15,656 [webcam.py:_set_default_host_ip()] - Default public webcam address set: http://192.168.6.5
2022-12-26 11:30:15,656 [moonraker.py:_initialize_component()] - Performing Component Post Init: [authorization]
2022-12-26 11:30:15,656 [moonraker.py:_initialize_component()] - Performing Component Post Init: [update_manager]
2022-12-26 11:30:16,105 [update_manager.py:initialize()] - PackageDeploy: Using PackageKit Provider
2022-12-26 11:30:16,107 [update_manager.py:initialize()] - 
Initializing Client Updater: 'fluidd',
Channel: stable
path: /home/sashi/fluidd
2022-12-26 11:30:16,113 [extensions.py:start_unix_server()] - Creating Unix Domain Socket at '/home/sashi/CR10_data/comms/moonraker.sock'
2022-12-26 11:30:16,162 [moonraker.py:start_server()] - Starting Moonraker on (0.0.0.0, 7125), Hostname: klipper
2022-12-26 11:30:16,163 [app.py:listen()] - SSL Certificate/Key not configured, aborting HTTPS Server startup
2022-12-26 11:31:20,414 [klippy_connection.py:_do_connect()] - Klippy Connection Established
2022-12-26 11:31:20,492 [machine.py:extract_service_info()] - Detected alternate unit name for klipper: klipper-CR10.service
2022-12-26 11:31:20,508 [moonraker.py:add_log_rollover_item()] - 
Systemd unit klipper-CR10.service:
unit_name: klipper-CR10.service
is_default: False
Properties:
**Description=Klipper 3D Printer Firmware SV1
**ExecStart=/home/sashi/klippy-env/bin/python $KLIPPER_ARGS
**FragmentPath=/etc/systemd/system/klipper-CR10.service
2022-12-26 11:31:22,385 [klippy_connection.py:_init_klippy_connection()] - Webhooks Subscribed
2022-12-26 11:31:22,400 [klippy_connection.py:_init_klippy_connection()] - GCode Output Subscribed
2022-12-26 11:31:22,403 [moonraker.py:add_log_rollover_item()] - Klipper Version: v0.11.0-40-gaac613bf
2022-12-26 11:32:08,343 [klippy_connection.py:close()] - Error closing Klippy Unix Socket
Traceback (most recent call last):
  File "/home/sashi/moonraker/moonraker/klippy_connection.py", line 577, in close
    await self.writer.wait_closed()
  File "/usr/lib/python3.9/asyncio/streams.py", line 359, in wait_closed
    await self._protocol._get_close_waiter(self)
  File "/home/sashi/moonraker/moonraker/klippy_connection.py", line 143, in _read_stream
    data = await reader.readuntil(b'\x03')
  File "/usr/lib/python3.9/asyncio/streams.py", line 632, in readuntil
    await self._wait_for_data('readuntil')
  File "/usr/lib/python3.9/asyncio/streams.py", line 517, in _wait_for_data
    await self._waiter
  File "/usr/lib/python3.9/asyncio/selector_events.py", line 856, in _read_ready__data_received
    data = self._sock.recv(self.max_size)
ConnectionResetError: [Errno 104] Connection reset by peer
2022-12-26 11:32:08,343 [klippy_connection.py:_on_connection_closed()] - Klippy Connection Removed
2022-12-26 11:32:40,648 [klippy_connection.py:_do_connect()] - Klippy Connection Established
2022-12-26 11:32:40,793 [machine.py:extract_service_info()] - Detected alternate unit name for klipper: klipper-CR10.service
2022-12-26 11:32:41,205 [klippy_connection.py:_init_klippy_connection()] - Webhooks Subscribed
2022-12-26 11:32:41,222 [klippy_connection.py:_init_klippy_connection()] - GCode Output Subscribed
